<?xml version="1.0" encoding="UTF-8"?>
<testsuite xmlns:xsi="http://www.w3.org/2001/XMLSchema-instance" xsi:noNamespaceSchemaLocation="https://maven.apache.org/surefire/maven-surefire-plugin/xsd/surefire-test-report-3.0.xsd" version="3.0" name="lissa.ratlr.ArchitectureTest" time="0.69" tests="1" errors="0" skipped="0" failures="0">
  <properties>
[...]
</properties>
  <testcase name="no_getenv" classname="ArchitectureTest" time="0.687">
    <system-err><![CDATA[2025-01-13 11:12:47:750 +0100 [main] INFO PluginLoader - Detected Java version 21.0.5
]]></system-err>
  </testcase>
</testsuite>